2023-05-22 12:05:713 INFO  LoginPage :24 - Enter Username[[ChromeDriver: chrome on WINDOWS (9553a68d42c4a65381942bc2c8314f40)] -> name: username]
2023-05-22 12:05:205 INFO  LoginPage :36 - Enter Password[[ChromeDriver: chrome on WINDOWS (9553a68d42c4a65381942bc2c8314f40)] -> name: password]
2023-05-22 12:05:567 INFO  LoginPage :45 - Click on Login Button[[ChromeDriver: chrome on WINDOWS (9553a68d42c4a65381942bc2c8314f40)] -> xpath: //button[normalize-space()='Login']]
2023-05-22 12:05:970 INFO  DashboardPage :21 - Verify Dashboard Text[[ChromeDriver: chrome on WINDOWS (9553a68d42c4a65381942bc2c8314f40)] -> xpath: //a[@class='oxd-main-menu-item active']]
2023-05-22 12:05:811 INFO  LoginPage :24 - Enter Username[[ChromeDriver: chrome on WINDOWS (08448267eb9b27176ddb631d8b04a663)] -> name: username]
2023-05-22 12:05:962 INFO  LoginPage :36 - Enter Password[[ChromeDriver: chrome on WINDOWS (08448267eb9b27176ddb631d8b04a663)] -> name: password]
2023-05-22 12:05:91 INFO  LoginPage :55 - Verify logo HRForAll[[ChromeDriver: chrome on WINDOWS (08448267eb9b27176ddb631d8b04a663)] -> xpath: //div[@class='orangehrm-login-logo']//img[@alt='orangehrm-logo']]
2023-05-22 12:05:157 INFO  LoginPage :45 - Click on Login Button[[ChromeDriver: chrome on WINDOWS (08448267eb9b27176ddb631d8b04a663)] -> xpath: //button[normalize-space()='Login']]
2023-05-22 12:05:327 INFO  LoginPage :24 - Enter Username[[ChromeDriver: chrome on WINDOWS (934af1e7f32ef8fa0504ecadf9a416c1)] -> name: username]
2023-05-22 12:05:453 INFO  LoginPage :36 - Enter Password[[ChromeDriver: chrome on WINDOWS (934af1e7f32ef8fa0504ecadf9a416c1)] -> name: password]
2023-05-22 12:05:585 INFO  LoginPage :45 - Click on Login Button[[ChromeDriver: chrome on WINDOWS (934af1e7f32ef8fa0504ecadf9a416c1)] -> xpath: //button[normalize-space()='Login']]
2023-05-22 12:05:624 INFO  LoginPage :24 - Enter Username[[ChromeDriver: chrome on WINDOWS (e37d9e48d3a540a55d2578c7aee86601)] -> name: username]
2023-05-22 12:05:769 INFO  LoginPage :36 - Enter Password[[ChromeDriver: chrome on WINDOWS (e37d9e48d3a540a55d2578c7aee86601)] -> name: password]
2023-05-22 12:05:912 INFO  LoginPage :45 - Click on Login Button[[ChromeDriver: chrome on WINDOWS (e37d9e48d3a540a55d2578c7aee86601)] -> xpath: //button[normalize-space()='Login']]
2023-05-22 12:05:172 INFO  LoginPage :24 - Enter Username[[ChromeDriver: chrome on WINDOWS (c6c6da05d204201af0316246fd684b9c)] -> name: username]
2023-05-22 12:05:329 INFO  LoginPage :36 - Enter Password[[ChromeDriver: chrome on WINDOWS (c6c6da05d204201af0316246fd684b9c)] -> name: password]
2023-05-22 12:05:480 INFO  LoginPage :45 - Click on Login Button[[ChromeDriver: chrome on WINDOWS (c6c6da05d204201af0316246fd684b9c)] -> xpath: //button[normalize-space()='Login']]
2023-05-22 12:05:981 INFO  LoginPage :24 - Enter Username[[ChromeDriver: chrome on WINDOWS (86e8b11cd37e355f6c3d4ee9dd2db666)] -> name: username]
2023-05-22 12:05:111 INFO  LoginPage :36 - Enter Password[[ChromeDriver: chrome on WINDOWS (86e8b11cd37e355f6c3d4ee9dd2db666)] -> name: password]
2023-05-22 12:05:255 INFO  LoginPage :45 - Click on Login Button[[ChromeDriver: chrome on WINDOWS (86e8b11cd37e355f6c3d4ee9dd2db666)] -> xpath: //button[normalize-space()='Login']]
2023-05-22 12:05:369 INFO  LoginPage :24 - Enter Username[[ChromeDriver: chrome on WINDOWS (0aaa93427ae08644630fcd296db4dd93)] -> name: username]
2023-05-22 12:05:591 INFO  LoginPage :36 - Enter Password[[ChromeDriver: chrome on WINDOWS (0aaa93427ae08644630fcd296db4dd93)] -> name: password]
2023-05-22 12:05:811 INFO  LoginPage :45 - Click on Login Button[[ChromeDriver: chrome on WINDOWS (0aaa93427ae08644630fcd296db4dd93)] -> xpath: //button[normalize-space()='Login']]
2023-05-22 12:05:237 INFO  LoginPage :24 - Enter Username[[ChromeDriver: chrome on WINDOWS (ae75ca55d783eabc522f5ea9daf56b5d)] -> name: username]
2023-05-22 12:05:353 INFO  LoginPage :36 - Enter Password[[ChromeDriver: chrome on WINDOWS (ae75ca55d783eabc522f5ea9daf56b5d)] -> name: password]
2023-05-22 12:05:590 INFO  LoginPage :45 - Click on Login Button[[ChromeDriver: chrome on WINDOWS (ae75ca55d783eabc522f5ea9daf56b5d)] -> xpath: //button[normalize-space()='Login']]
2023-05-22 12:05:04 INFO  DashboardPage :21 - Verify Dashboard Text[[ChromeDriver: chrome on WINDOWS (ae75ca55d783eabc522f5ea9daf56b5d)] -> xpath: //a[@class='oxd-main-menu-item active']]
2023-05-22 12:05:363 INFO  LoginPage :24 - Enter Username[[ChromeDriver: chrome on WINDOWS (72d72512fc125e5744f2a5da1b49f039)] -> name: username]
2023-05-22 12:05:481 INFO  LoginPage :36 - Enter Password[[ChromeDriver: chrome on WINDOWS (72d72512fc125e5744f2a5da1b49f039)] -> name: password]
2023-05-22 12:05:600 INFO  LoginPage :55 - Verify logo HRForAll[[ChromeDriver: chrome on WINDOWS (72d72512fc125e5744f2a5da1b49f039)] -> xpath: //div[@class='orangehrm-login-logo']//img[@alt='orangehrm-logo']]
2023-05-22 12:05:651 INFO  LoginPage :45 - Click on Login Button[[ChromeDriver: chrome on WINDOWS (72d72512fc125e5744f2a5da1b49f039)] -> xpath: //button[normalize-space()='Login']]
2023-05-22 12:05:622 INFO  LoginPage :24 - Enter Username[[ChromeDriver: chrome on WINDOWS (383c04334cfe3b82b2ab3a507aad410f)] -> name: username]
2023-05-22 12:05:774 INFO  LoginPage :36 - Enter Password[[ChromeDriver: chrome on WINDOWS (383c04334cfe3b82b2ab3a507aad410f)] -> name: password]
2023-05-22 12:05:951 INFO  LoginPage :45 - Click on Login Button[[ChromeDriver: chrome on WINDOWS (383c04334cfe3b82b2ab3a507aad410f)] -> xpath: //button[normalize-space()='Login']]
2023-05-22 12:05:365 INFO  LoginPage :24 - Enter Username[[ChromeDriver: chrome on WINDOWS (c1347f62a56ddb6606eff45beba61840)] -> name: username]
2023-05-22 12:05:613 INFO  LoginPage :36 - Enter Password[[ChromeDriver: chrome on WINDOWS (c1347f62a56ddb6606eff45beba61840)] -> name: password]
2023-05-22 12:05:799 INFO  LoginPage :45 - Click on Login Button[[ChromeDriver: chrome on WINDOWS (c1347f62a56ddb6606eff45beba61840)] -> xpath: //button[normalize-space()='Login']]
2023-05-22 12:05:105 INFO  DashboardPage :33 - Click on User Profile Logo[[ChromeDriver: chrome on WINDOWS (c1347f62a56ddb6606eff45beba61840)] -> xpath: //i[@class='oxd-icon bi-caret-down-fill oxd-userdropdown-icon']]
2023-05-22 12:05:917 INFO  DashboardPage :44 - Mouse Hoover And Click On Logout[[ChromeDriver: chrome on WINDOWS (c1347f62a56ddb6606eff45beba61840)] -> link text: Logout]
2023-05-22 12:05:836 INFO  LoginPage :68 - Verify Login Panel Displayed[[ChromeDriver: chrome on WINDOWS (c1347f62a56ddb6606eff45beba61840)] -> xpath: //h5[normalize-space()='Login']]
2023-05-22 12:05:864 INFO  LoginPage :24 - Enter Username[[ChromeDriver: chrome on WINDOWS (9f7dfee7f1c890003f37b269a440cc48)] -> name: username]
2023-05-22 12:05:121 INFO  LoginPage :36 - Enter Password[[ChromeDriver: chrome on WINDOWS (9f7dfee7f1c890003f37b269a440cc48)] -> name: password]
2023-05-22 12:05:335 INFO  LoginPage :45 - Click on Login Button[[ChromeDriver: chrome on WINDOWS (9f7dfee7f1c890003f37b269a440cc48)] -> xpath: //button[normalize-space()='Login']]
2023-05-22 12:05:740 INFO  ViewSystemUserPage :25 - Click on Admin[[ChromeDriver: chrome on WINDOWS (9f7dfee7f1c890003f37b269a440cc48)] -> xpath: //a[@href='/web/index.php/admin/viewAdminModule']]
2023-05-22 12:05:463 INFO  ViewSystemUserPage :35 - Verify System User Text[[ChromeDriver: chrome on WINDOWS (9f7dfee7f1c890003f37b269a440cc48)] -> xpath: //h5[@class='oxd-text oxd-text--h5 oxd-table-filter-title']]
2023-05-22 12:05:582 INFO  ViewSystemUserPage :45 - Click on Add Button[[ChromeDriver: chrome on WINDOWS (9f7dfee7f1c890003f37b269a440cc48)] -> xpath: //button[@class='oxd-button oxd-button--medium oxd-button--secondary']]
2023-05-22 12:05:246 INFO  ViewSystemUserPage :54 - Verify Add User[[ChromeDriver: chrome on WINDOWS (9f7dfee7f1c890003f37b269a440cc48)] -> xpath: //h6[@class='oxd-text oxd-text--h6 orangehrm-main-title']]
2023-05-22 12:05:291 INFO  ViewSystemUserPage :67 - Select Admin [[ChromeDriver: chrome on WINDOWS (9f7dfee7f1c890003f37b269a440cc48)] -> xpath: //div[@class='oxd-form-row']/div[1]/div[1]/div[1]/div[2]/div[1]/div[1]/div[2]/i[1]]
2023-05-22 12:05:372 INFO  ViewSystemUserPage :70 - Click on Admin[[ChromeDriver: chrome on WINDOWS (9f7dfee7f1c890003f37b269a440cc48)] -> xpath: //*[@class='oxd-select-wrapper']//*[contains(text(),'Admin')]]
2023-05-22 12:05:454 INFO  ViewSystemUserPage :83 - Enter Employee name[[ChromeDriver: chrome on WINDOWS (9f7dfee7f1c890003f37b269a440cc48)] -> xpath: //input[@placeholder='Type for hints...']]
2023-05-22 12:05:670 INFO  ViewSystemUserPage :86 - Enter Employee name1[[ChromeDriver: chrome on WINDOWS (9f7dfee7f1c890003f37b269a440cc48)] -> xpath: //*[@class='oxd-autocomplete-wrapper']//*[contains(text(),'Goutam  Ganesh')]]
2023-05-22 12:05:745 INFO  ViewSystemUserPage :96 - Enter Username[[ChromeDriver: chrome on WINDOWS (9f7dfee7f1c890003f37b269a440cc48)] -> xpath: //div[@class='oxd-form-row']/div[1]/div[4]/div[1]/div[2]/input[1]]
2023-05-22 12:05:846 INFO  ViewSystemUserPage :113 - Select Status[[ChromeDriver: chrome on WINDOWS (9f7dfee7f1c890003f37b269a440cc48)] -> xpath: //body/div[@id='app']/div[1]/div[2]/div[2]/div[1]/div[1]/form[1]/div[1]/div[1]/div[3]/div[1]/div[2]/div[1]/div[1]]
2023-05-22 12:05:930 INFO  ViewSystemUserPage :116 - Select Disable[[ChromeDriver: chrome on WINDOWS (9f7dfee7f1c890003f37b269a440cc48)] -> css selector: body > div:nth-child(3) > div:nth-child(1) > div:nth-child(2) > div:nth-child(2) > div:nth-child(1) > div:nth-child(1) > form:nth-child(3) > div:nth-child(1) > div:nth-child(1) > div:nth-child(3) > div:nth-child(1) > div:nth-child(2) > div:nth-child(1) > div:nth-child(1) > div:nth-child(1)]
2023-05-22 12:05:04 INFO  ViewSystemUserPage :127 - Enter password[[ChromeDriver: chrome on WINDOWS (9f7dfee7f1c890003f37b269a440cc48)] -> xpath: //div[@class='orangehrm-card-container']/form[1]/div[2]/div[1]/div[1]/div[1]/div[2]/input[1]]
2023-05-22 12:05:148 INFO  ViewSystemUserPage :139 - Enter confirm password[[ChromeDriver: chrome on WINDOWS (9f7dfee7f1c890003f37b269a440cc48)] -> xpath: //div[@class='orangehrm-card-container']/form[1]/div[2]/div[1]/div[2]/div[1]/div[2]/input[1]]
2023-05-22 12:05:278 INFO  ViewSystemUserPage :149 - Click on Save button[[ChromeDriver: chrome on WINDOWS (9f7dfee7f1c890003f37b269a440cc48)] -> xpath: //button[@class='oxd-button oxd-button--medium oxd-button--secondary orangehrm-left-space']]
2023-05-22 12:05:63 INFO  LoginPage :24 - Enter Username[[ChromeDriver: chrome on WINDOWS (b3cf787236fca4b103b30be572796101)] -> name: username]
2023-05-22 12:05:219 INFO  LoginPage :36 - Enter Password[[ChromeDriver: chrome on WINDOWS (b3cf787236fca4b103b30be572796101)] -> name: password]
2023-05-22 12:05:369 INFO  LoginPage :45 - Click on Login Button[[ChromeDriver: chrome on WINDOWS (b3cf787236fca4b103b30be572796101)] -> xpath: //button[normalize-space()='Login']]
2023-05-22 12:05:507 INFO  ViewSystemUserPage :25 - Click on Admin[[ChromeDriver: chrome on WINDOWS (b3cf787236fca4b103b30be572796101)] -> xpath: //a[@href='/web/index.php/admin/viewAdminModule']]
2023-05-22 12:05:184 INFO  ViewSystemUserPage :35 - Verify System User Text[[ChromeDriver: chrome on WINDOWS (b3cf787236fca4b103b30be572796101)] -> xpath: //h5[@class='oxd-text oxd-text--h5 oxd-table-filter-title']]
2023-05-22 12:05:255 INFO  AddUserPage :24 - Enter Username[[ChromeDriver: chrome on WINDOWS (b3cf787236fca4b103b30be572796101)] -> xpath: //div[@class='oxd-form-row']/div[1]/div[1]/div[1]/div[2]/input[1]]
2023-05-22 12:05:395 INFO  AddUserPage :38 - Select User Role[[ChromeDriver: chrome on WINDOWS (b3cf787236fca4b103b30be572796101)] -> xpath: //div[@class='oxd-grid-4 orangehrm-full-width-grid']/div[2]/div/div[2]/div/div/div[2]/i]
2023-05-22 12:05:645 INFO  AddUserPage :41 - Select Admin[[ChromeDriver: chrome on WINDOWS (b3cf787236fca4b103b30be572796101)] -> xpath: //*[@class='oxd-select-wrapper']//*[contains(text(),'Admin')]]
2023-05-22 12:05:712 INFO  AddUserPage :55 - Select Status[[ChromeDriver: chrome on WINDOWS (b3cf787236fca4b103b30be572796101)] -> xpath: //div[@class='oxd-form-row']/div/div[4]/div/div[2]/div/div]
2023-05-22 12:05:778 INFO  AddUserPage :58 - Select Disable[[ChromeDriver: chrome on WINDOWS (b3cf787236fca4b103b30be572796101)] -> xpath: //*[@class='oxd-select-wrapper']//*[contains(text(),'Disabled')]]
2023-05-22 12:05:837 INFO  AddUserPage :80 - Click on Search[[ChromeDriver: chrome on WINDOWS (b3cf787236fca4b103b30be572796101)] -> xpath: //button[@class='oxd-button oxd-button--medium oxd-button--secondary orangehrm-left-space']]
2023-05-22 12:05:82 INFO  AddUserPage :90 - Verify the Result List[[ChromeDriver: chrome on WINDOWS (b3cf787236fca4b103b30be572796101)] -> xpath: //div[@class='orangehrm-paper-container']/div[2]/div[1]/span[1]]
2023-05-22 12:05:864 INFO  LoginPage :24 - Enter Username[[ChromeDriver: chrome on WINDOWS (267db6d2f13cb324136a553539f37dc3)] -> name: username]
2023-05-22 12:05:957 INFO  LoginPage :36 - Enter Password[[ChromeDriver: chrome on WINDOWS (267db6d2f13cb324136a553539f37dc3)] -> name: password]
2023-05-22 12:05:128 INFO  LoginPage :45 - Click on Login Button[[ChromeDriver: chrome on WINDOWS (267db6d2f13cb324136a553539f37dc3)] -> xpath: //button[normalize-space()='Login']]
2023-05-22 12:05:354 INFO  ViewSystemUserPage :25 - Click on Admin[[ChromeDriver: chrome on WINDOWS (267db6d2f13cb324136a553539f37dc3)] -> xpath: //a[@href='/web/index.php/admin/viewAdminModule']]
2023-05-22 12:05:908 INFO  ViewSystemUserPage :35 - Verify System User Text[[ChromeDriver: chrome on WINDOWS (267db6d2f13cb324136a553539f37dc3)] -> xpath: //h5[@class='oxd-text oxd-text--h5 oxd-table-filter-title']]
2023-05-22 12:05:970 INFO  AddUserPage :24 - Enter Username[[ChromeDriver: chrome on WINDOWS (267db6d2f13cb324136a553539f37dc3)] -> xpath: //div[@class='oxd-form-row']/div[1]/div[1]/div[1]/div[2]/input[1]]
2023-05-22 12:05:75 INFO  AddUserPage :38 - Select User Role[[ChromeDriver: chrome on WINDOWS (267db6d2f13cb324136a553539f37dc3)] -> xpath: //div[@class='oxd-grid-4 orangehrm-full-width-grid']/div[2]/div/div[2]/div/div/div[2]/i]
2023-05-22 12:05:151 INFO  AddUserPage :41 - Select Admin[[ChromeDriver: chrome on WINDOWS (267db6d2f13cb324136a553539f37dc3)] -> xpath: //*[@class='oxd-select-wrapper']//*[contains(text(),'Admin')]]
2023-05-22 12:05:220 INFO  ViewSystemUserPage :83 - Enter Employee name[[ChromeDriver: chrome on WINDOWS (267db6d2f13cb324136a553539f37dc3)] -> xpath: //input[@placeholder='Type for hints...']]
2023-05-22 12:05:299 INFO  ViewSystemUserPage :86 - Enter Employee name1[[ChromeDriver: chrome on WINDOWS (267db6d2f13cb324136a553539f37dc3)] -> xpath: //*[@class='oxd-autocomplete-wrapper']//*[contains(text(),'Goutam  Ganesh')]]
2023-05-22 12:05:357 INFO  AddUserPage :55 - Select Status[[ChromeDriver: chrome on WINDOWS (267db6d2f13cb324136a553539f37dc3)] -> xpath: //div[@class='oxd-form-row']/div/div[4]/div/div[2]/div/div]
2023-05-22 12:05:431 INFO  AddUserPage :58 - Select Disable[[ChromeDriver: chrome on WINDOWS (267db6d2f13cb324136a553539f37dc3)] -> xpath: //*[@class='oxd-select-wrapper']//*[contains(text(),'Disabled')]]
2023-05-22 12:05:506 INFO  AddUserPage :80 - Click on Search[[ChromeDriver: chrome on WINDOWS (267db6d2f13cb324136a553539f37dc3)] -> xpath: //button[@class='oxd-button oxd-button--medium oxd-button--secondary orangehrm-left-space']]
2023-05-22 12:05:839 INFO  AddUserPage :90 - Verify the Result List[[ChromeDriver: chrome on WINDOWS (267db6d2f13cb324136a553539f37dc3)] -> xpath: //div[@class='orangehrm-paper-container']/div[2]/div[1]/span[1]]
2023-05-22 12:05:936 INFO  AddUserPage :101 - Click on CheckboxProxy element for: DefaultElementLocator 'By.xpath: //div[@class='oxd-table-card-cell-checkbox']//i[@class='oxd-icon bi-check oxd-checkbox-input-icon']'
2023-05-22 12:05:594 INFO  LoginPage :24 - Enter Username[[ChromeDriver: chrome on WINDOWS (97e911f0df537847faf8edaecbc6a742)] -> name: username]
2023-05-22 12:05:769 INFO  LoginPage :36 - Enter Password[[ChromeDriver: chrome on WINDOWS (97e911f0df537847faf8edaecbc6a742)] -> name: password]
2023-05-22 12:05:928 INFO  LoginPage :45 - Click on Login Button[[ChromeDriver: chrome on WINDOWS (97e911f0df537847faf8edaecbc6a742)] -> xpath: //button[normalize-space()='Login']]
2023-05-22 12:05:242 INFO  ViewSystemUserPage :25 - Click on Admin[[ChromeDriver: chrome on WINDOWS (97e911f0df537847faf8edaecbc6a742)] -> xpath: //a[@href='/web/index.php/admin/viewAdminModule']]
2023-05-22 12:05:21 INFO  ViewSystemUserPage :35 - Verify System User Text[[ChromeDriver: chrome on WINDOWS (97e911f0df537847faf8edaecbc6a742)] -> xpath: //h5[@class='oxd-text oxd-text--h5 oxd-table-filter-title']]
2023-05-22 12:05:117 INFO  AddUserPage :24 - Enter Username[[ChromeDriver: chrome on WINDOWS (97e911f0df537847faf8edaecbc6a742)] -> xpath: //div[@class='oxd-form-row']/div[1]/div[1]/div[1]/div[2]/input[1]]
2023-05-22 12:05:466 INFO  AddUserPage :38 - Select User Role[[ChromeDriver: chrome on WINDOWS (97e911f0df537847faf8edaecbc6a742)] -> xpath: //div[@class='oxd-grid-4 orangehrm-full-width-grid']/div[2]/div/div[2]/div/div/div[2]/i]
2023-05-22 12:05:552 INFO  AddUserPage :41 - Select Admin[[ChromeDriver: chrome on WINDOWS (97e911f0df537847faf8edaecbc6a742)] -> xpath: //*[@class='oxd-select-wrapper']//*[contains(text(),'Admin')]]
2023-05-22 12:05:616 INFO  ViewSystemUserPage :83 - Enter Employee name[[ChromeDriver: chrome on WINDOWS (97e911f0df537847faf8edaecbc6a742)] -> xpath: //input[@placeholder='Type for hints...']]
2023-05-22 12:05:782 INFO  ViewSystemUserPage :86 - Enter Employee name1[[ChromeDriver: chrome on WINDOWS (97e911f0df537847faf8edaecbc6a742)] -> xpath: //*[@class='oxd-autocomplete-wrapper']//*[contains(text(),'Goutam  Ganesh')]]
2023-05-22 12:05:860 INFO  AddUserPage :55 - Select Status[[ChromeDriver: chrome on WINDOWS (97e911f0df537847faf8edaecbc6a742)] -> xpath: //div[@class='oxd-form-row']/div/div[4]/div/div[2]/div/div]
2023-05-22 12:05:930 INFO  AddUserPage :58 - Select Disable[[ChromeDriver: chrome on WINDOWS (97e911f0df537847faf8edaecbc6a742)] -> xpath: //*[@class='oxd-select-wrapper']//*[contains(text(),'Disabled')]]
2023-05-22 12:05:987 INFO  AddUserPage :80 - Click on Search[[ChromeDriver: chrome on WINDOWS (97e911f0df537847faf8edaecbc6a742)] -> xpath: //button[@class='oxd-button oxd-button--medium oxd-button--secondary orangehrm-left-space']]
2023-05-22 12:05:273 INFO  AddUserPage :154 - Verify The Text No Records Found[[ChromeDriver: chrome on WINDOWS (97e911f0df537847faf8edaecbc6a742)] -> xpath: //div[@class='orangehrm-horizontal-padding orangehrm-vertical-padding']]
2023-05-22 13:05:741 INFO  LoginPage :24 - Enter Username[[ChromeDriver: chrome on WINDOWS (1df6eb0a8201f89e4123f5c61cfd5217)] -> name: username]
2023-05-22 13:05:826 INFO  LoginPage :36 - Enter Password[[ChromeDriver: chrome on WINDOWS (1df6eb0a8201f89e4123f5c61cfd5217)] -> name: password]
2023-05-22 13:05:917 INFO  LoginPage :45 - Click on Login Button[[ChromeDriver: chrome on WINDOWS (1df6eb0a8201f89e4123f5c61cfd5217)] -> xpath: //button[normalize-space()='Login']]
2023-05-22 13:05:359 INFO  DashboardPage :21 - Verify Dashboard Text[[ChromeDriver: chrome on WINDOWS (1df6eb0a8201f89e4123f5c61cfd5217)] -> xpath: //a[@class='oxd-main-menu-item active']]
2023-05-22 13:05:664 INFO  LoginPage :24 - Enter Username[[ChromeDriver: chrome on WINDOWS (1871ea39fbcc4afc3432203a17357159)] -> name: username]
2023-05-22 13:05:720 INFO  LoginPage :36 - Enter Password[[ChromeDriver: chrome on WINDOWS (1871ea39fbcc4afc3432203a17357159)] -> name: password]
2023-05-22 13:05:805 INFO  LoginPage :55 - Verify logo HRForAll[[ChromeDriver: chrome on WINDOWS (1871ea39fbcc4afc3432203a17357159)] -> xpath: //div[@class='orangehrm-login-logo']//img[@alt='orangehrm-logo']]
2023-05-22 13:05:838 INFO  LoginPage :45 - Click on Login Button[[ChromeDriver: chrome on WINDOWS (1871ea39fbcc4afc3432203a17357159)] -> xpath: //button[normalize-space()='Login']]
2023-05-22 13:05:33 INFO  LoginPage :24 - Enter Username[[ChromeDriver: chrome on WINDOWS (74b11efe3eba8f56e9f6b518eed388d3)] -> name: username]
2023-05-22 13:05:77 INFO  LoginPage :36 - Enter Password[[ChromeDriver: chrome on WINDOWS (74b11efe3eba8f56e9f6b518eed388d3)] -> name: password]
2023-05-22 13:05:156 INFO  LoginPage :45 - Click on Login Button[[ChromeDriver: chrome on WINDOWS (74b11efe3eba8f56e9f6b518eed388d3)] -> xpath: //button[normalize-space()='Login']]
2023-05-22 13:05:549 INFO  DashboardPage :33 - Click on User Profile Logo[[ChromeDriver: chrome on WINDOWS (74b11efe3eba8f56e9f6b518eed388d3)] -> xpath: //i[@class='oxd-icon bi-caret-down-fill oxd-userdropdown-icon']]
2023-05-22 13:05:845 INFO  DashboardPage :44 - Mouse Hoover And Click On Logout[[ChromeDriver: chrome on WINDOWS (74b11efe3eba8f56e9f6b518eed388d3)] -> link text: Logout]
2023-05-22 13:05:12 INFO  LoginPage :68 - Verify Login Panel Displayed[[ChromeDriver: chrome on WINDOWS (74b11efe3eba8f56e9f6b518eed388d3)] -> xpath: //h5[normalize-space()='Login']]
2023-05-22 13:05:927 INFO  LoginPage :24 - Enter Username[[ChromeDriver: chrome on WINDOWS (b58c9e1d7568600ed8906d9e37769ac7)] -> name: username]
2023-05-22 13:05:01 INFO  LoginPage :36 - Enter Password[[ChromeDriver: chrome on WINDOWS (b58c9e1d7568600ed8906d9e37769ac7)] -> name: password]
2023-05-22 13:05:83 INFO  LoginPage :45 - Click on Login Button[[ChromeDriver: chrome on WINDOWS (b58c9e1d7568600ed8906d9e37769ac7)] -> xpath: //button[normalize-space()='Login']]
2023-05-22 13:05:750 INFO  ViewSystemUserPage :25 - Click on Admin[[ChromeDriver: chrome on WINDOWS (b58c9e1d7568600ed8906d9e37769ac7)] -> xpath: //a[@href='/web/index.php/admin/viewAdminModule']]
2023-05-22 13:05:756 INFO  ViewSystemUserPage :35 - Verify System User Text[[ChromeDriver: chrome on WINDOWS (b58c9e1d7568600ed8906d9e37769ac7)] -> xpath: //h5[@class='oxd-text oxd-text--h5 oxd-table-filter-title']]
2023-05-22 13:05:783 INFO  ViewSystemUserPage :45 - Click on Add Button[[ChromeDriver: chrome on WINDOWS (b58c9e1d7568600ed8906d9e37769ac7)] -> xpath: //button[@class='oxd-button oxd-button--medium oxd-button--secondary']]
2023-05-22 13:05:199 INFO  ViewSystemUserPage :54 - Verify Add User[[ChromeDriver: chrome on WINDOWS (b58c9e1d7568600ed8906d9e37769ac7)] -> xpath: //h6[@class='oxd-text oxd-text--h6 orangehrm-main-title']]
2023-05-22 13:05:228 INFO  ViewSystemUserPage :67 - Select Admin [[ChromeDriver: chrome on WINDOWS (b58c9e1d7568600ed8906d9e37769ac7)] -> xpath: //div[@class='oxd-form-row']/div[1]/div[1]/div[1]/div[2]/div[1]/div[1]/div[2]/i[1]]
2023-05-22 13:05:306 INFO  ViewSystemUserPage :70 - Click on Admin[[ChromeDriver: chrome on WINDOWS (b58c9e1d7568600ed8906d9e37769ac7)] -> xpath: //*[@class='oxd-select-wrapper']//*[contains(text(),'Admin')]]
2023-05-22 13:05:392 INFO  ViewSystemUserPage :83 - Enter Employee name[[ChromeDriver: chrome on WINDOWS (b58c9e1d7568600ed8906d9e37769ac7)] -> xpath: //input[@placeholder='Type for hints...']]
2023-05-22 13:05:458 INFO  ViewSystemUserPage :86 - Enter Employee name1Proxy element for: DefaultElementLocator 'By.xpath: //*[@class='oxd-autocomplete-wrapper']//*[contains(text(),'Goutam  Ganesh')]'
2023-05-23 09:05:681 INFO  LoginPage :24 - Enter Username[[ChromeDriver: chrome on WINDOWS (3722679f2bb5ac08518928b6d26b4e21)] -> name: username]
2023-05-23 09:05:757 INFO  LoginPage :36 - Enter Password[[ChromeDriver: chrome on WINDOWS (3722679f2bb5ac08518928b6d26b4e21)] -> name: password]
2023-05-23 09:05:845 INFO  LoginPage :45 - Click on Login Button[[ChromeDriver: chrome on WINDOWS (3722679f2bb5ac08518928b6d26b4e21)] -> xpath: //button[normalize-space()='Login']]
2023-05-23 09:05:982 INFO  ViewSystemUserPage :25 - Click on Admin[[ChromeDriver: chrome on WINDOWS (3722679f2bb5ac08518928b6d26b4e21)] -> xpath: //a[@href='/web/index.php/admin/viewAdminModule']]
2023-05-23 09:05:399 INFO  ViewSystemUserPage :35 - Verify System User Text[[ChromeDriver: chrome on WINDOWS (3722679f2bb5ac08518928b6d26b4e21)] -> xpath: //h5[@class='oxd-text oxd-text--h5 oxd-table-filter-title']]
2023-05-23 09:05:452 INFO  ViewSystemUserPage :45 - Click on Add Button[[ChromeDriver: chrome on WINDOWS (3722679f2bb5ac08518928b6d26b4e21)] -> xpath: //button[@class='oxd-button oxd-button--medium oxd-button--secondary']]
2023-05-23 09:05:991 INFO  ViewSystemUserPage :54 - Verify Add User[[ChromeDriver: chrome on WINDOWS (3722679f2bb5ac08518928b6d26b4e21)] -> xpath: //h6[@class='oxd-text oxd-text--h6 orangehrm-main-title']]
2023-05-23 09:05:22 INFO  ViewSystemUserPage :67 - Select Admin [[ChromeDriver: chrome on WINDOWS (3722679f2bb5ac08518928b6d26b4e21)] -> xpath: //div[@class='oxd-form-row']/div[1]/div[1]/div[1]/div[2]/div[1]/div[1]/div[2]/i[1]]
2023-05-23 09:05:68 INFO  ViewSystemUserPage :70 - Click on Admin[[ChromeDriver: chrome on WINDOWS (3722679f2bb5ac08518928b6d26b4e21)] -> xpath: //*[@class='oxd-select-wrapper']//*[contains(text(),'Admin')]]
2023-05-23 09:05:133 INFO  ViewSystemUserPage :83 - Enter Employee name[[ChromeDriver: chrome on WINDOWS (3722679f2bb5ac08518928b6d26b4e21)] -> xpath: //input[@placeholder='Type for hints...']]
2023-05-23 09:05:252 INFO  ViewSystemUserPage :86 - Enter Employee name1[[ChromeDriver: chrome on WINDOWS (3722679f2bb5ac08518928b6d26b4e21)] -> xpath: //*[@class='oxd-autocomplete-wrapper']//*[contains(text(),'Goutam  Ganesh')]]
2023-05-23 09:05:297 INFO  ViewSystemUserPage :96 - Enter Username[[ChromeDriver: chrome on WINDOWS (3722679f2bb5ac08518928b6d26b4e21)] -> xpath: //div[@class='oxd-form-row']/div[1]/div[4]/div[1]/div[2]/input[1]]
2023-05-23 09:05:353 INFO  ViewSystemUserPage :113 - Select Status[[ChromeDriver: chrome on WINDOWS (3722679f2bb5ac08518928b6d26b4e21)] -> xpath: //body/div[@id='app']/div[1]/div[2]/div[2]/div[1]/div[1]/form[1]/div[1]/div[1]/div[3]/div[1]/div[2]/div[1]/div[1]]
2023-05-23 09:05:399 INFO  ViewSystemUserPage :116 - Select Disable[[ChromeDriver: chrome on WINDOWS (3722679f2bb5ac08518928b6d26b4e21)] -> css selector: body > div:nth-child(3) > div:nth-child(1) > div:nth-child(2) > div:nth-child(2) > div:nth-child(1) > div:nth-child(1) > form:nth-child(3) > div:nth-child(1) > div:nth-child(1) > div:nth-child(3) > div:nth-child(1) > div:nth-child(2) > div:nth-child(1) > div:nth-child(1) > div:nth-child(1)]
2023-05-23 09:05:461 INFO  ViewSystemUserPage :127 - Enter password[[ChromeDriver: chrome on WINDOWS (3722679f2bb5ac08518928b6d26b4e21)] -> xpath: //div[@class='orangehrm-card-container']/form[1]/div[2]/div[1]/div[1]/div[1]/div[2]/input[1]]
2023-05-23 09:05:543 INFO  ViewSystemUserPage :139 - Enter confirm password[[ChromeDriver: chrome on WINDOWS (3722679f2bb5ac08518928b6d26b4e21)] -> xpath: //div[@class='orangehrm-card-container']/form[1]/div[2]/div[1]/div[2]/div[1]/div[2]/input[1]]
2023-05-23 09:05:621 INFO  ViewSystemUserPage :149 - Click on Save button[[ChromeDriver: chrome on WINDOWS (3722679f2bb5ac08518928b6d26b4e21)] -> xpath: //button[@class='oxd-button oxd-button--medium oxd-button--secondary orangehrm-left-space']]
2023-05-23 09:05:33 INFO  LoginPage :24 - Enter Username[[ChromeDriver: chrome on WINDOWS (5d0a36d527af26b445be7aa0f963c11a)] -> name: username]
2023-05-23 09:05:99 INFO  LoginPage :36 - Enter Password[[ChromeDriver: chrome on WINDOWS (5d0a36d527af26b445be7aa0f963c11a)] -> name: password]
2023-05-23 09:05:173 INFO  LoginPage :45 - Click on Login Button[[ChromeDriver: chrome on WINDOWS (5d0a36d527af26b445be7aa0f963c11a)] -> xpath: //button[normalize-space()='Login']]
2023-05-23 09:05:348 INFO  ViewSystemUserPage :25 - Click on Admin[[ChromeDriver: chrome on WINDOWS (5d0a36d527af26b445be7aa0f963c11a)] -> xpath: //a[@href='/web/index.php/admin/viewAdminModule']]
2023-05-23 09:05:570 INFO  ViewSystemUserPage :35 - Verify System User Text[[ChromeDriver: chrome on WINDOWS (5d0a36d527af26b445be7aa0f963c11a)] -> xpath: //h5[@class='oxd-text oxd-text--h5 oxd-table-filter-title']]
2023-05-23 09:05:610 INFO  AddUserPage :24 - Enter Username[[ChromeDriver: chrome on WINDOWS (5d0a36d527af26b445be7aa0f963c11a)] -> xpath: //div[@class='oxd-form-row']/div[1]/div[1]/div[1]/div[2]/input[1]]
2023-05-23 09:05:682 INFO  AddUserPage :38 - Select User Role[[ChromeDriver: chrome on WINDOWS (5d0a36d527af26b445be7aa0f963c11a)] -> xpath: //div[@class='oxd-grid-4 orangehrm-full-width-grid']/div[2]/div/div[2]/div/div/div[2]/i]
2023-05-23 09:05:750 INFO  AddUserPage :41 - Select Admin[[ChromeDriver: chrome on WINDOWS (5d0a36d527af26b445be7aa0f963c11a)] -> xpath: //*[@class='oxd-select-wrapper']//*[contains(text(),'Admin')]]
2023-05-23 09:05:846 INFO  AddUserPage :55 - Select Status[[ChromeDriver: chrome on WINDOWS (5d0a36d527af26b445be7aa0f963c11a)] -> xpath: //div[@class='oxd-form-row']/div/div[4]/div/div[2]/div/div]
2023-05-23 09:05:914 INFO  AddUserPage :58 - Select Disable[[ChromeDriver: chrome on WINDOWS (5d0a36d527af26b445be7aa0f963c11a)] -> xpath: //*[@class='oxd-select-wrapper']//*[contains(text(),'Disabled')]]
2023-05-23 09:05:997 INFO  AddUserPage :80 - Click on Search[[ChromeDriver: chrome on WINDOWS (5d0a36d527af26b445be7aa0f963c11a)] -> xpath: //button[@class='oxd-button oxd-button--medium oxd-button--secondary orangehrm-left-space']]
2023-05-23 09:05:250 INFO  AddUserPage :90 - Verify the Result List[[ChromeDriver: chrome on WINDOWS (5d0a36d527af26b445be7aa0f963c11a)] -> xpath: //div[@class='orangehrm-paper-container']/div[2]/div[1]/span[1]]
2023-05-23 09:05:510 INFO  LoginPage :24 - Enter Username[[ChromeDriver: chrome on WINDOWS (95646ce9d5c98ef5e9aaa37079dceaba)] -> name: username]
2023-05-23 09:05:581 INFO  LoginPage :36 - Enter Password[[ChromeDriver: chrome on WINDOWS (95646ce9d5c98ef5e9aaa37079dceaba)] -> name: password]
2023-05-23 09:05:649 INFO  LoginPage :45 - Click on Login Button[[ChromeDriver: chrome on WINDOWS (95646ce9d5c98ef5e9aaa37079dceaba)] -> xpath: //button[normalize-space()='Login']]
2023-05-23 09:05:709 INFO  ViewSystemUserPage :25 - Click on Admin[[ChromeDriver: chrome on WINDOWS (95646ce9d5c98ef5e9aaa37079dceaba)] -> xpath: //a[@href='/web/index.php/admin/viewAdminModule']]
2023-05-23 09:05:265 INFO  ViewSystemUserPage :35 - Verify System User Text[[ChromeDriver: chrome on WINDOWS (95646ce9d5c98ef5e9aaa37079dceaba)] -> xpath: //h5[@class='oxd-text oxd-text--h5 oxd-table-filter-title']]
2023-05-23 09:05:305 INFO  AddUserPage :24 - Enter Username[[ChromeDriver: chrome on WINDOWS (95646ce9d5c98ef5e9aaa37079dceaba)] -> xpath: //div[@class='oxd-form-row']/div[1]/div[1]/div[1]/div[2]/input[1]]
2023-05-23 09:05:376 INFO  AddUserPage :38 - Select User Role[[ChromeDriver: chrome on WINDOWS (95646ce9d5c98ef5e9aaa37079dceaba)] -> xpath: //div[@class='oxd-grid-4 orangehrm-full-width-grid']/div[2]/div/div[2]/div/div/div[2]/i]
2023-05-23 09:05:453 INFO  AddUserPage :41 - Select Admin[[ChromeDriver: chrome on WINDOWS (95646ce9d5c98ef5e9aaa37079dceaba)] -> xpath: //*[@class='oxd-select-wrapper']//*[contains(text(),'Admin')]]
2023-05-23 09:05:548 INFO  ViewSystemUserPage :83 - Enter Employee name[[ChromeDriver: chrome on WINDOWS (95646ce9d5c98ef5e9aaa37079dceaba)] -> xpath: //input[@placeholder='Type for hints...']]
2023-05-23 09:05:671 INFO  ViewSystemUserPage :86 - Enter Employee name1[[ChromeDriver: chrome on WINDOWS (95646ce9d5c98ef5e9aaa37079dceaba)] -> xpath: //*[@class='oxd-autocomplete-wrapper']//*[contains(text(),'Goutam  Ganesh')]]
2023-05-23 09:05:721 INFO  AddUserPage :55 - Select Status[[ChromeDriver: chrome on WINDOWS (95646ce9d5c98ef5e9aaa37079dceaba)] -> xpath: //div[@class='oxd-form-row']/div/div[4]/div/div[2]/div/div]
2023-05-23 09:05:767 INFO  AddUserPage :58 - Select Disable[[ChromeDriver: chrome on WINDOWS (95646ce9d5c98ef5e9aaa37079dceaba)] -> xpath: //*[@class='oxd-select-wrapper']//*[contains(text(),'Disabled')]]
2023-05-23 09:05:814 INFO  AddUserPage :80 - Click on Search[[ChromeDriver: chrome on WINDOWS (95646ce9d5c98ef5e9aaa37079dceaba)] -> xpath: //button[@class='oxd-button oxd-button--medium oxd-button--secondary orangehrm-left-space']]
2023-05-23 09:05:62 INFO  AddUserPage :90 - Verify the Result List[[ChromeDriver: chrome on WINDOWS (95646ce9d5c98ef5e9aaa37079dceaba)] -> xpath: //div[@class='orangehrm-paper-container']/div[2]/div[1]/span[1]]
2023-05-23 09:05:160 INFO  AddUserPage :101 - Click on CheckboxProxy element for: DefaultElementLocator 'By.xpath: //div[@class='oxd-table-card-cell-checkbox']//i[@class='oxd-icon bi-check oxd-checkbox-input-icon']'
2023-05-23 09:05:960 INFO  LoginPage :24 - Enter Username[[ChromeDriver: chrome on WINDOWS (0cb97822c0c31e82fb7f8d5c0f2e298f)] -> name: username]
2023-05-23 09:05:21 INFO  LoginPage :36 - Enter Password[[ChromeDriver: chrome on WINDOWS (0cb97822c0c31e82fb7f8d5c0f2e298f)] -> name: password]
2023-05-23 09:05:85 INFO  LoginPage :45 - Click on Login Button[[ChromeDriver: chrome on WINDOWS (0cb97822c0c31e82fb7f8d5c0f2e298f)] -> xpath: //button[normalize-space()='Login']]
2023-05-23 09:05:289 INFO  ViewSystemUserPage :25 - Click on Admin[[ChromeDriver: chrome on WINDOWS (0cb97822c0c31e82fb7f8d5c0f2e298f)] -> xpath: //a[@href='/web/index.php/admin/viewAdminModule']]
2023-05-23 09:05:757 INFO  ViewSystemUserPage :35 - Verify System User Text[[ChromeDriver: chrome on WINDOWS (0cb97822c0c31e82fb7f8d5c0f2e298f)] -> xpath: //h5[@class='oxd-text oxd-text--h5 oxd-table-filter-title']]
2023-05-23 09:05:797 INFO  AddUserPage :24 - Enter Username[[ChromeDriver: chrome on WINDOWS (0cb97822c0c31e82fb7f8d5c0f2e298f)] -> xpath: //div[@class='oxd-form-row']/div[1]/div[1]/div[1]/div[2]/input[1]]
2023-05-23 09:05:882 INFO  AddUserPage :38 - Select User Role[[ChromeDriver: chrome on WINDOWS (0cb97822c0c31e82fb7f8d5c0f2e298f)] -> xpath: //div[@class='oxd-grid-4 orangehrm-full-width-grid']/div[2]/div/div[2]/div/div/div[2]/i]
2023-05-23 09:05:941 INFO  AddUserPage :41 - Select Admin[[ChromeDriver: chrome on WINDOWS (0cb97822c0c31e82fb7f8d5c0f2e298f)] -> xpath: //*[@class='oxd-select-wrapper']//*[contains(text(),'Admin')]]
2023-05-23 09:05:07 INFO  ViewSystemUserPage :83 - Enter Employee name[[ChromeDriver: chrome on WINDOWS (0cb97822c0c31e82fb7f8d5c0f2e298f)] -> xpath: //input[@placeholder='Type for hints...']]
2023-05-23 09:05:126 INFO  ViewSystemUserPage :86 - Enter Employee name1[[ChromeDriver: chrome on WINDOWS (0cb97822c0c31e82fb7f8d5c0f2e298f)] -> xpath: //*[@class='oxd-autocomplete-wrapper']//*[contains(text(),'Goutam  Ganesh')]]
2023-05-23 09:05:170 INFO  AddUserPage :55 - Select Status[[ChromeDriver: chrome on WINDOWS (0cb97822c0c31e82fb7f8d5c0f2e298f)] -> xpath: //div[@class='oxd-form-row']/div/div[4]/div/div[2]/div/div]
2023-05-23 09:05:211 INFO  AddUserPage :58 - Select Disable[[ChromeDriver: chrome on WINDOWS (0cb97822c0c31e82fb7f8d5c0f2e298f)] -> xpath: //*[@class='oxd-select-wrapper']//*[contains(text(),'Disabled')]]
2023-05-23 09:05:264 INFO  AddUserPage :80 - Click on Search[[ChromeDriver: chrome on WINDOWS (0cb97822c0c31e82fb7f8d5c0f2e298f)] -> xpath: //button[@class='oxd-button oxd-button--medium oxd-button--secondary orangehrm-left-space']]
2023-05-23 09:05:561 INFO  AddUserPage :154 - Verify The Text No Records Found[[ChromeDriver: chrome on WINDOWS (0cb97822c0c31e82fb7f8d5c0f2e298f)] -> xpath: //div[@class='orangehrm-horizontal-padding orangehrm-vertical-padding']]
